<?xml version="1.0" encoding="UTF-8"?>
<!-- Generated by org.testng.reporters.JUnitReportReporter -->
<testsuite skipped="0" hostname="Manja" name="com.page.Firstnamepage" tests="1" failures="0" timestamp="15 Dec 2021 04:57:10 GMT" time="2.019" errors="0">
  <testcase name="test" time="2.019" classname="com.page.Firstnamepage"/>
</testsuite> <!-- com.page.Firstnamepage -->
