<?xml version="1.0" encoding="UTF-8"?>
<!-- Generated by org.testng.reporters.JUnitReportReporter -->
<testsuite skipped="0" hostname="Manja" name="com.test.Amount_testTc16" tests="1" failures="0" timestamp="16 Dec 2021 06:20:05 GMT" time="25.213" errors="0">
  <testcase name="test" time="25.213" classname="com.test.Amount_testTc16"/>
</testsuite> <!-- com.test.Amount_testTc16 -->
