<?xml version="1.0" encoding="UTF-8"?>
<!-- Generated by org.testng.reporters.JUnitReportReporter -->
<testsuite skipped="0" hostname="Manja" name="com.test.Contactus_msgTc018" tests="1" failures="0" timestamp="16 Dec 2021 07:26:44 GMT" time="3.488" errors="0">
  <testcase name="test" time="3.488" classname="com.test.Contactus_msgTc018"/>
</testsuite> <!-- com.test.Contactus_msgTc018 -->
