<?xml version="1.0" encoding="UTF-8"?>
<!-- Generated by org.testng.reporters.JUnitReportReporter -->
<testsuite skipped="0" hostname="Manja" name="com.test.Testcase1" tests="1" failures="0" timestamp="15 Dec 2021 06:20:37 GMT" time="1.076" errors="0">
  <testcase name="test" time="1.076" classname="com.test.Testcase1"/>
</testsuite> <!-- com.test.Testcase1 -->
