<?xml version="1.0" encoding="UTF-8"?>
<!-- Generated by org.testng.reporters.JUnitReportReporter -->
<testsuite skipped="0" hostname="Manja" name="com.test.Lastnametest" tests="1" failures="0" timestamp="15 Dec 2021 06:24:29 GMT" time="1.353" errors="0">
  <testcase name="test" time="1.353" classname="com.test.Lastnametest"/>
</testsuite> <!-- com.test.Lastnametest -->
