<?xml version="1.0" encoding="UTF-8"?>
<!-- Generated by org.testng.reporters.JUnitReportReporter -->
<testsuite skipped="0" hostname="Manja" name="com.test.Searchtextfield_test" tests="1" failures="0" timestamp="15 Dec 2021 12:00:19 GMT" time="5.090" errors="0">
  <testcase name="test" time="5.090" classname="com.test.Searchtextfield_test"/>
</testsuite> <!-- com.test.Searchtextfield_test -->
