<?xml version="1.0" encoding="UTF-8"?>
<!-- Generated by org.testng.reporters.JUnitReportReporter -->
<testsuite skipped="0" hostname="Manja" name="com.test.Register_Testcase" tests="1" failures="0" timestamp="15 Dec 2021 05:51:58 GMT" time="2.789" errors="0">
  <testcase name="test" time="2.789" classname="com.test.Register_Testcase"/>
</testsuite> <!-- com.test.Register_Testcase -->
