<?xml version="1.0" encoding="UTF-8"?>
<!-- Generated by org.testng.reporters.JUnitReportReporter -->
<testsuite skipped="0" hostname="Manja" name="com.test.gift_Tc23" tests="1" failures="0" timestamp="17 Dec 2021 05:10:55 GMT" time="26.435" errors="0">
  <testcase name="test" time="26.435" classname="com.test.gift_Tc23"/>
</testsuite> <!-- com.test.gift_Tc23 -->
