<?xml version="1.0" encoding="UTF-8"?>
<!-- Generated by org.testng.reporters.JUnitReportReporter -->
<testsuite skipped="0" hostname="Manja" name="com.test.Addtocart_searchTc21" tests="1" failures="0" timestamp="16 Dec 2021 11:22:28 GMT" time="2.284" errors="0">
  <testcase name="test" time="2.284" classname="com.test.Addtocart_searchTc21"/>
</testsuite> <!-- com.test.Addtocart_searchTc21 -->
