<?xml version="1.0" encoding="UTF-8"?>
<!-- Generated by org.testng.reporters.JUnitReportReporter -->
<testsuite skipped="0" hostname="Manja" name="com.test.Addtocart_Tc14" tests="1" failures="0" timestamp="15 Dec 2021 12:23:19 GMT" time="1.896" errors="0">
  <testcase name="test" time="1.896" classname="com.test.Addtocart_Tc14"/>
</testsuite> <!-- com.test.Addtocart_Tc14 -->
