<?xml version="1.0" encoding="UTF-8"?>
<!-- Generated by org.testng.reporters.JUnitReportReporter -->
<testsuite skipped="0" hostname="Manja" name="com.test.View_grid_Tc15" tests="1" failures="0" timestamp="15 Dec 2021 16:19:49 GMT" time="3.639" errors="0">
  <testcase name="test" time="3.639" classname="com.test.View_grid_Tc15"/>
</testsuite> <!-- com.test.View_grid_Tc15 -->
