<?xml version="1.0" encoding="UTF-8"?>
<!-- Generated by org.testng.reporters.JUnitReportReporter -->
<testsuite skipped="0" hostname="Manja" name="com.test.Loginpagetest" tests="1" failures="0" timestamp="15 Dec 2021 06:50:05 GMT" time="2.000" errors="0">
  <testcase name="test" time="2.000" classname="com.test.Loginpagetest"/>
</testsuite> <!-- com.test.Loginpagetest -->
