<?xml version="1.0" encoding="UTF-8"?>
<!-- Generated by org.testng.reporters.JUnitReportReporter -->
<testsuite skipped="0" hostname="Manja" name="com.test.Removefrom_cartTc20" tests="1" failures="0" timestamp="16 Dec 2021 10:30:34 GMT" time="25.955" errors="0">
  <testcase name="test" time="25.955" classname="com.test.Removefrom_cartTc20"/>
</testsuite> <!-- com.test.Removefrom_cartTc20 -->
