<?xml version="1.0" encoding="UTF-8"?>
<!-- Generated by org.testng.reporters.JUnitReportReporter -->
<testsuite skipped="0" hostname="Manja" name="com.test.Loginpage_test" tests="1" failures="0" timestamp="15 Dec 2021 09:13:35 GMT" time="3.315" errors="0">
  <testcase name="test" time="3.315" classname="com.test.Loginpage_test"/>
</testsuite> <!-- com.test.Loginpage_test -->
