<?xml version="1.0" encoding="UTF-8"?>
<!-- Generated by org.testng.reporters.JUnitReportReporter -->
<testsuite skipped="0" hostname="Manja" name="com.test.Apply_coupon_TC22" tests="1" failures="0" timestamp="17 Dec 2021 04:46:28 GMT" time="16.022" errors="0">
  <testcase name="test" time="16.022" classname="com.test.Apply_coupon_TC22"/>
</testsuite> <!-- com.test.Apply_coupon_TC22 -->
