<?xml version="1.0" encoding="UTF-8"?>
<!-- Generated by org.testng.reporters.JUnitReportReporter -->
<testsuite skipped="0" hostname="Manja" name="com.test.Wishlist_Tc12" tests="1" failures="0" timestamp="15 Dec 2021 10:55:00 GMT" time="1.154" errors="0">
  <testcase name="test" time="1.154" classname="com.test.Wishlist_Tc12"/>
</testsuite> <!-- com.test.Wishlist_Tc12 -->
