<?xml version="1.0" encoding="UTF-8"?>
<!-- Generated by org.testng.reporters.JUnitReportReporter -->
<testsuite skipped="0" hostname="Manja" name="com.test.Valid_Email" tests="1" failures="0" timestamp="15 Dec 2021 09:17:38 GMT" time="1.753" errors="0">
  <testcase name="test" time="1.753" classname="com.test.Valid_Email"/>
</testsuite> <!-- com.test.Valid_Email -->
