<?xml version="1.0" encoding="UTF-8"?>
<!-- Generated by org.testng.reporters.JUnitReportReporter -->
<testsuite skipped="0" hostname="Manja" name="com.test.Quantity_Tc011" tests="1" failures="0" timestamp="16 Dec 2021 04:32:37 GMT" time="25.327" errors="0">
  <testcase name="test" time="25.327" classname="com.test.Quantity_Tc011"/>
</testsuite> <!-- com.test.Quantity_Tc011 -->
